<?xml version="1.0" encoding="UTF-8"?>
<!-- Generated by org.testng.reporters.JUnitXMLReporter -->
<testsuite ignored="0" hostname="197nodnb11637t1" failures="0" tests="6" name="Personal Loan" time="0.128" errors="0" timestamp="29 Jul 2020 10:03:41 GMT">
  <testcase classname="practivetestng.day1" name="demo" time="0.052"/>
  <testcase classname="practivetestng.day1" name="secondtest" time="0.002"/>
  <testcase classname="practivetestng.day2" name="ploan" time="0.002"/>
  <testcase classname="practivetestng.day4" name="loginapihomeloan" time="0.004"/>
  <testcase classname="practivetestng.day4" name="mobileloginhomeloan" time="0.002"/>
  <testcase classname="practivetestng.day4" name="webloginhomeloan" time="0.002"/>
</testsuite> <!-- Personal Loan -->
