<?xml version="1.0" encoding="UTF-8"?>
<!-- Generated by org.testng.reporters.JUnitXMLReporter -->
<testsuite ignored="3" hostname="197nodnb11637t1" failures="0" tests="7" name="regression" time="0.208" errors="0" timestamp="29 Jul 2020 12:08:29 GMT">
  <testcase classname="practivetestng.day1" name="demo" time="0.013"/>
  <testcase classname="practivetestng.day1" name="secondtest" time="0.002"/>
  <testcase classname="practivetestng.day2" name="prequiste" time="0.002"/>
  <testcase classname="practivetestng.day4" name="loginapihomeloan" time="0.002"/>
  <testcase classname="practivetestng.day4" name="webloginhomeloan" time="0.001"/>
  <testcase classname="practivetestng.day3" name="weblogincarloan" time="0.002"/>
  <testcase classname="practivetestng.day3" name="loginapicarloan" time="0.001"/>
  <testcase classname="practivetestng.day2" name="ploan" time="0.0">
    <ignored/>
  </testcase> <!-- ploan -->
  <testcase classname="practivetestng.day3" name="mobilelogincarloan" time="0.0">
    <ignored/>
  </testcase> <!-- mobilelogincarloan -->
  <testcase classname="practivetestng.day4" name="mobileloginhomeloan" time="0.0">
    <ignored/>
  </testcase> <!-- mobileloginhomeloan -->
</testsuite> <!-- regression -->
