<?xml version="1.0" encoding="UTF-8"?>
<!-- Generated by org.testng.reporters.JUnitXMLReporter -->
<testsuite ignored="0" hostname="197nodnb11637t1" failures="1" tests="1" name="Personal_loan" time="0.098" errors="0" timestamp="06 May 2020 09:42:31 GMT">
  <testcase classname="com.seleniumproject.Testcases.testcase1" name="@AfterClass aftertest" time="0.001">
    <failure type="java.lang.NullPointerException">
      <![CDATA[java.lang.NullPointerException
at com.seleniumproject.Testcases.testcase1.aftertest(testcase1.java:33)
... Removed 26 stack frames]]>
    </failure>
  </testcase> <!-- @AfterClass aftertest -->
  <testcase classname="com.seleniumproject.Testcases.testcase1" name="setup" time="0.017">
    <failure type="java.lang.NullPointerException">
      <![CDATA[java.lang.NullPointerException
at com.seleniumproject.Testcases.testcase1.setup(testcase1.java:23)
... Removed 25 stack frames]]>
    </failure>
  </testcase> <!-- setup -->
</testsuite> <!-- Personal_loan -->
